


ARM Macro Assembler    Page 1 


    1 00000000 40021018 
                       RCC_APB2ENR
                               EQU              0x40021018  ;??RCC???,??,0x4002
                                                            1018?????
    2 00000000 40011004 
                       GPIOC_CRH
                               EQU              0x40011004  ;??GPIOC_CRH???,???
                                                            ??????,????????0x04
                                                             
    3 00000000 4001100C 
                       GPIOC_ORD
                               EQU              0x4001100c  ;??GPIOC_ORD???,???
                                                            ?????,???????
    4 00000000 40010800 
                       GPIOA_CRL
                               EQU              0x40010800  ;??GPIOC_CRH???,???
                                                            ??????,????????0x04
                                                             
    5 00000000 4001080C 
                       GPIOA_ORD
                               EQU              0x4001080C  ;??GPIOC_ORD???,???
                                                            ?????,???????
    6 00000000 40010C04 
                       GPIOB_CRH
                               EQU              0x40010C04  ;??GPIOC_CRH???,???
                                                            ??????,????????0x04
                                                             
    7 00000000 40010C0C 
                       GPIOB_ORD
                               EQU              0x40010C0C  ;??GPIOC_ORD???,???
                                                            ?????,???????
    8 00000000 00000400 
                       Stack_Size
                               EQU              0x00000400  ;????
    9 00000000         ;????stack?,??????,???,?8????????????Stack_Size?????,???
                       ?????__initial_sp?
   10 00000000                 AREA             STACK, NOINIT, READWRITE, ALIGN
=3 
                                                            ;NOINIT: = NO Init,
                                                            ?????READWRITE : ??
                                                            ,???ALIGN =3 : 2^3 
                                                            ??,?8?????
   11 00000000         Stack_Mem
                               SPACE            Stack_Size
   12 00000400         __initial_sp
   13 00000400         
   14 00000400         
   15 00000400         
   16 00000400         
   17 00000400                 AREA             RESET, DATA, READONLY
   18 00000000         
   19 00000000 00000000 
                       __Vectors
                               DCD              __initial_sp ; Top of Stack
   20 00000004 00000000        DCD              Reset_Handler ; Reset Handler
   21 00000008         
   22 00000008         
   23 00000008                 AREA             |.text|, CODE, READONLY
   24 00000000         



ARM Macro Assembler    Page 2 


   25 00000000                 THUMB
   26 00000000                 REQUIRE8
   27 00000000                 PRESERVE8
   28 00000000         
   29 00000000                 ENTRY
   30 00000000         Reset_Handler
   31 00000000 F000 F819       bl               LED_Init    ;bl:???????????????
                                                            ???,????(PC)?????LR
                                                            ???
   32 00000004 F000 F860 
                       MainLoop
                               BL               LED_ON_C
   33 00000008 F000 F86A       BL               Delay
   34 0000000C F000 F862       BL               LED_OFF_C
   35 00000010 F000 F866       BL               Delay
   36 00000014 F000 F840       BL               LED_ON_A
   37 00000018 F000 F862       BL               Delay
   38 0000001C F000 F842       BL               LED_OFF_A
   39 00000020 F000 F85E       BL               Delay
   40 00000024 F000 F844       BL               LED_ON_B
   41 00000028 F000 F85A       BL               Delay
   42 0000002C F000 F846       BL               LED_OFF_B
   43 00000030 F000 F856       BL               Delay
   44 00000034         
   45 00000034 E7E6            B                MainLoop    ;B:??????
   46 00000036         LED_Init                             ;LED???
   47 00000036 B503            PUSH             {R0,R1, LR} ;R0,R1,LR???????
   48 00000038         
   49 00000038 4833            LDR              R0,=RCC_APB2ENR ;LDR???????????
                                                            (??R0)?
   50 0000003A F040 001C       ORR              R0,R0,#0x1c ;ORR ?????,11100?R0
                                                            ?????1,?????
   51 0000003E 4932            LDR              R1,=RCC_APB2ENR
   52 00000040 6008            STR              R0,[R1]     ;STR???????????????
                                                            ,?r0??????rcc???
   53 00000042         ;???????????????
   54 00000042         
   55 00000042         
   56 00000042         ;???GPIOA??
   57 00000042 4832            LDR              R0,=GPIOA_CRL
   58 00000044 F000 4070       BIC              R0,R0,#0x0fffffff 
                                                            ;BIC ???????,????
   59 00000048 4930            LDR              R1,=GPIOA_CRL
   60 0000004A 6008            STR              R0,[R1]
   61 0000004C         ;?????????CPIOC_CRH
   62 0000004C 482F            LDR              R0,=GPIOA_CRL
   63 0000004E F040 5000       ORR              R0,#0x20000000 ;????pc15,???2,?
                                                            0100,???????,?????2
                                                            mhz
   64 00000052 492E            LDR              R1,=GPIOA_CRL
   65 00000054 6008            STR              R0,[R1]
   66 00000056         ;GPIOC?????????????,???CPIOA_CRH????,?????????,?????????
                       ????,?0100,???????????4
   67 00000056         ;?PC15?1
   68 00000056 F04F 0080       MOV              R0,#0x80    ; ????0b1000 0000 ,
                                                            ?7???a7???????
   69 0000005A 492D            LDR              R1,=GPIOA_ORD ;?r1??ord???
   70 0000005C 6008            STR              R0,[R1]     ;?ord???????r0??
   71 0000005E         



ARM Macro Assembler    Page 3 


   72 0000005E         ;???GPIOB??
   73 0000005E 482D            LDR              R0,=GPIOB_CRH
   74 00000060 F000 00F0       BIC              R0,R0,#0xffffff0f ;BIC ???????,
                                                            ????,???b9,????????
                                                            
   75 00000064 492B            LDR              R1,=GPIOB_CRH
   76 00000066 6008            STR              R0,[R1]
   77 00000068         ;?????????CPIOC_CRH
   78 00000068 482A            LDR              R0,=GPIOB_CRH
   79 0000006A F040 0020       ORR              R0,#0x00000020 ;????pc15,???2,?
                                                            0100,???????,?????2
                                                            mhz
   80 0000006E 4929            LDR              R1,=GPIOB_CRH
   81 00000070 6008            STR              R0,[R1]
   82 00000072         ;GPIOC?????????????,???CPIOA_CRH????,?????????,?????????
                       ????,?0100,???????????4
   83 00000072         ;?PC15?1
   84 00000072 F44F 7000       MOV              R0,#0x200   ; ????0b10 0000 000
                                                            0,?16???b9???????
   85 00000076 4928            LDR              R1,=GPIOB_ORD ;?r1??ord???
   86 00000078 6008            STR              R0,[R1]     ;?ord???????r0??
   87 0000007A         
   88 0000007A         ;???GPIOC??
   89 0000007A 4828            LDR              R0,=GPIOC_CRH
   90 0000007C F000 4070       BIC              R0,R0,#0x0fffffff ;BIC ???????,
                                                            ????,???????????
   91 00000080 4926            LDR              R1,=GPIOC_CRH
   92 00000082 6008            STR              R0,[R1]
   93 00000084         ;?????????CPIOC_CRH
   94 00000084 4825            LDR              R0,=GPIOC_CRH
   95 00000086 F040 5000       ORR              R0,#0x20000000 ;????pc15,???2,?
                                                            0100,???????,?????2
                                                            mhz
   96 0000008A 4924            LDR              R1,=GPIOC_CRH
   97 0000008C 6008            STR              R0,[R1]
   98 0000008E         ;GPIOC?????????????,???CPIOA_CRH????,?????????,?????????
                       ????,?0100,???????????4
   99 0000008E         ;?PC15?1
  100 0000008E F44F 4000       MOV              R0,#0x8000  ; ????0b1000 0000 0
                                                            000 0000,?16???c15?
                                                            ??????
  101 00000092 4923            LDR              R1,=GPIOC_ORD ;?r1??ord???
  102 00000094 6008            STR              R0,[R1]     ;?ord???????r0??
  103 00000096         
  104 00000096 BD03            POP              {R0,R1,PC}  ;???????R0,R1,LR???
                                                            ??R0,R1,PC
  105 00000098         LED_ON_A                             ;??
  106 00000098 B503            PUSH             {R0,R1, LR}
  107 0000009A         
  108 0000009A F04F 0000       MOV              R0,#0x00    ;????0b0000 0000 00
                                                            00 0000,?16??0,????
                                                            ?pc15?????
  109 0000009E 491C            LDR              R1,=GPIOA_ORD ;?GPIOC?????r1
  110 000000A0 6008            STR              R0,[R1]     ;?r0?????GPIOC_ORD?
                                                            
  111 000000A2         
  112 000000A2 BD03            POP              {R0,R1,PC}
  113 000000A4         
  114 000000A4         LED_OFF_A                            ;??



ARM Macro Assembler    Page 4 


  115 000000A4 B503            PUSH             {R0,R1, LR}
  116 000000A6         
  117 000000A6 F04F 0080       MOV              R0,#0x80    ;????0b 1000 0000 0
                                                            000 0000,?16??1,???
                                                            ??pc15?????
  118 000000AA 4919            LDR              R1,=GPIOA_ORD ;?GPIOC?????r1
  119 000000AC 6008            STR              R0,[R1]     ;[]??????????,????r
                                                            0????GPIOC_ORD
  120 000000AE         
  121 000000AE BD03            POP              {R0,R1,PC}
  122 000000B0         LED_ON_B                             ;??
  123 000000B0 B503            PUSH             {R0,R1, LR}
  124 000000B2         
  125 000000B2 F04F 0000       MOV              R0,#0x000   ;????0b0000 0000 00
                                                            00 0000,?16??0,????
                                                            ?pc15?????
  126 000000B6 4918            LDR              R1,=GPIOB_ORD ;?GPIOC?????r1
  127 000000B8 6008            STR              R0,[R1]     ;?r0?????GPIOC_ORD?
                                                            
  128 000000BA         
  129 000000BA BD03            POP              {R0,R1,PC}
  130 000000BC         
  131 000000BC         LED_OFF_B                            ;??
  132 000000BC B503            PUSH             {R0,R1, LR}
  133 000000BE         
  134 000000BE F44F 7000       MOV              R0,#0x200   ;????0b 1000 0000 0
                                                            000 0000,?16??1,???
                                                            ??pc15?????
  135 000000C2 4915            LDR              R1,=GPIOB_ORD ;?GPIOC?????r1
  136 000000C4 6008            STR              R0,[R1]     ;[]??????????,????r
                                                            0????GPIOC_ORD
  137 000000C6         
  138 000000C6 BD03            POP              {R0,R1,PC}
  139 000000C8         LED_ON_C                             ;??
  140 000000C8 B503            PUSH             {R0,R1, LR}
  141 000000CA         
  142 000000CA F04F 0000       MOV              R0,#0x0000  ;????0b0000 0000 00
                                                            00 0000,?16??0,????
                                                            ?pc15?????
  143 000000CE 4914            LDR              R1,=GPIOC_ORD ;?GPIOC?????r1
  144 000000D0 6008            STR              R0,[R1]     ;?r0?????GPIOC_ORD?
                                                            
  145 000000D2         
  146 000000D2 BD03            POP              {R0,R1,PC}
  147 000000D4         
  148 000000D4         LED_OFF_C                            ;??
  149 000000D4 B503            PUSH             {R0,R1, LR}
  150 000000D6         
  151 000000D6 F44F 4000       MOV              R0,#0x8000  ;????0b 1000 0000 0
                                                            000 0000,?16??1,???
                                                            ??pc15?????
  152 000000DA 4911            LDR              R1,=GPIOC_ORD ;?GPIOC?????r1
  153 000000DC 6008            STR              R0,[R1]     ;[]??????????,????r
                                                            0????GPIOC_ORD
  154 000000DE         
  155 000000DE BD03            POP              {R0,R1,PC}
  156 000000E0         
  157 000000E0         Delay
  158 000000E0 B503            PUSH             {R0,R1, LR}



ARM Macro Assembler    Page 5 


  159 000000E2         
  160 000000E2 2000            MOVS             R0,#0
  161 000000E4 2100            MOVS             R1,#0
  162 000000E6 2200            MOVS             R2,#0
  163 000000E8         
  164 000000E8         DelayLoop0
  165 000000E8 1C40            ADDS             R0,R0,#1
  166 000000EA         
  167 000000EA F5B0 7FA5       CMP              R0,#330
  168 000000EE D3FB            BCC              DelayLoop0
  169 000000F0         
  170 000000F0 2000            MOVS             R0,#0
  171 000000F2 1C49            ADDS             R1,R1,#1
  172 000000F4 F5B1 7FA5       CMP              R1,#330
  173 000000F8 D3F6            BCC              DelayLoop0  ;???
  174 000000FA         
  175 000000FA 2000            MOVS             R0,#0
  176 000000FC 2100            MOVS             R1,#0
  177 000000FE 1C52            ADDS             R2,R2,#1
  178 00000100 2A0F            CMP              R2,#15
  179 00000102 D3F1            BCC              DelayLoop0
  180 00000104         
  181 00000104         
  182 00000104 BD03            POP              {R0,R1,PC}
  183 00000106 BF00            NOP
  184 00000108                 END
              40021018 
              40010800 
              4001080C 
              40010C04 
              40010C0C 
              40011004 
              4001100C 
Command Line: --debug --xref --diag_suppress=9931 --cpu=Cortex-M3 --apcs=interw
ork --depend=.\objects\main.d -o.\objects\main.o -IE:\MDK-ARM\LED1\RTE -IC:\Kei
l_v5\ARM\PACK\ARM\CMSIS\4.2.0\CMSIS\Include -IC:\Keil_v5\ARM\PACK\Keil\STM32F1x
x_DFP\2.2.0 --predefine="__UVISION_VERSION SETA 514" --predefine="_RTE_ SETA 1"
 --predefine="STM32F10X_MD SETA 1" --list=.\listings\main.lst main.s



ARM Macro Assembler    Page 1 Alphabetic symbol ordering
Relocatable symbols

STACK 00000000

Symbol: STACK
   Definitions
      At line 10 in file main.s
   Uses
      None
Comment: STACK unused
Stack_Mem 00000000

Symbol: Stack_Mem
   Definitions
      At line 11 in file main.s
   Uses
      None
Comment: Stack_Mem unused
__initial_sp 00000400

Symbol: __initial_sp
   Definitions
      At line 12 in file main.s
   Uses
      At line 19 in file main.s
Comment: __initial_sp used once
3 symbols



ARM Macro Assembler    Page 1 Alphabetic symbol ordering
Relocatable symbols

RESET 00000000

Symbol: RESET
   Definitions
      At line 17 in file main.s
   Uses
      None
Comment: RESET unused
__Vectors 00000000

Symbol: __Vectors
   Definitions
      At line 19 in file main.s
   Uses
      None
Comment: __Vectors unused
2 symbols



ARM Macro Assembler    Page 1 Alphabetic symbol ordering
Relocatable symbols

.text 00000000

Symbol: .text
   Definitions
      At line 23 in file main.s
   Uses
      None
Comment: .text unused
Delay 000000E0

Symbol: Delay
   Definitions
      At line 157 in file main.s
   Uses
      At line 33 in file main.s
      At line 35 in file main.s
      At line 37 in file main.s
      At line 39 in file main.s
      At line 41 in file main.s
      At line 43 in file main.s

DelayLoop0 000000E8

Symbol: DelayLoop0
   Definitions
      At line 164 in file main.s
   Uses
      At line 168 in file main.s
      At line 173 in file main.s
      At line 179 in file main.s

LED_Init 00000036

Symbol: LED_Init
   Definitions
      At line 46 in file main.s
   Uses
      At line 31 in file main.s
Comment: LED_Init used once
LED_OFF_A 000000A4

Symbol: LED_OFF_A
   Definitions
      At line 114 in file main.s
   Uses
      At line 38 in file main.s
Comment: LED_OFF_A used once
LED_OFF_B 000000BC

Symbol: LED_OFF_B
   Definitions
      At line 131 in file main.s
   Uses
      At line 42 in file main.s
Comment: LED_OFF_B used once
LED_OFF_C 000000D4

Symbol: LED_OFF_C
   Definitions



ARM Macro Assembler    Page 2 Alphabetic symbol ordering
Relocatable symbols

      At line 148 in file main.s
   Uses
      At line 34 in file main.s
Comment: LED_OFF_C used once
LED_ON_A 00000098

Symbol: LED_ON_A
   Definitions
      At line 105 in file main.s
   Uses
      At line 36 in file main.s
Comment: LED_ON_A used once
LED_ON_B 000000B0

Symbol: LED_ON_B
   Definitions
      At line 122 in file main.s
   Uses
      At line 40 in file main.s
Comment: LED_ON_B used once
LED_ON_C 000000C8

Symbol: LED_ON_C
   Definitions
      At line 139 in file main.s
   Uses
      At line 32 in file main.s
Comment: LED_ON_C used once
MainLoop 00000004

Symbol: MainLoop
   Definitions
      At line 32 in file main.s
   Uses
      At line 45 in file main.s
Comment: MainLoop used once
Reset_Handler 00000000

Symbol: Reset_Handler
   Definitions
      At line 30 in file main.s
   Uses
      At line 20 in file main.s
Comment: Reset_Handler used once
12 symbols



ARM Macro Assembler    Page 1 Alphabetic symbol ordering
Absolute symbols

GPIOA_CRL 40010800

Symbol: GPIOA_CRL
   Definitions
      At line 4 in file main.s
   Uses
      At line 57 in file main.s
      At line 59 in file main.s
      At line 62 in file main.s
      At line 64 in file main.s

GPIOA_ORD 4001080C

Symbol: GPIOA_ORD
   Definitions
      At line 5 in file main.s
   Uses
      At line 69 in file main.s
      At line 109 in file main.s
      At line 118 in file main.s

GPIOB_CRH 40010C04

Symbol: GPIOB_CRH
   Definitions
      At line 6 in file main.s
   Uses
      At line 73 in file main.s
      At line 75 in file main.s
      At line 78 in file main.s
      At line 80 in file main.s

GPIOB_ORD 40010C0C

Symbol: GPIOB_ORD
   Definitions
      At line 7 in file main.s
   Uses
      At line 85 in file main.s
      At line 126 in file main.s
      At line 135 in file main.s

GPIOC_CRH 40011004

Symbol: GPIOC_CRH
   Definitions
      At line 2 in file main.s
   Uses
      At line 89 in file main.s
      At line 91 in file main.s
      At line 94 in file main.s
      At line 96 in file main.s

GPIOC_ORD 4001100C

Symbol: GPIOC_ORD
   Definitions
      At line 3 in file main.s
   Uses



ARM Macro Assembler    Page 2 Alphabetic symbol ordering
Absolute symbols

      At line 101 in file main.s
      At line 143 in file main.s
      At line 152 in file main.s

RCC_APB2ENR 40021018

Symbol: RCC_APB2ENR
   Definitions
      At line 1 in file main.s
   Uses
      At line 49 in file main.s
      At line 51 in file main.s

Stack_Size 00000400

Symbol: Stack_Size
   Definitions
      At line 8 in file main.s
   Uses
      At line 11 in file main.s
Comment: Stack_Size used once
8 symbols
360 symbols in table
